<?xml version="1.0" encoding="UTF-8"?>
<!-- Generated by org.testng.reporters.JUnitReportReporter -->
<testsuite hostname="Rubavathi" failures="0" tests="1" name="com.selenium.amaz.Amazontest" time="62.101" errors="0" timestamp="2021-07-06T23:58:05 IST" skipped="0">
  <testcase classname="com.selenium.amaz.Amazontest" name="amazonsign" time="62.101"/>
  <system-out/>
</testsuite> <!-- com.selenium.amaz.Amazontest -->
